# JRE version: 7.0_25-b17
# Java VM: Java HotSpot(TM) Client VM (23.25-b01 mixed mode, sharing windows-x86 )
Heap
 def new generation   total 4928K, used 1565K [0x23470000, 0x239c0000, 0x289c0000)
  eden space 4416K,  23% used [0x23470000, 0x235775a8, 0x238c0000)
  from space 512K, 100% used [0x23940000, 0x239c0000, 0x239c0000)
  to   space 512K,   0% used [0x238c0000, 0x238c0000, 0x23940000)
 tenured generation   total 10944K, used 6929K [0x289c0000, 0x29470000, 0x33470000)
   the space 10944K,  63% used [0x289c0000, 0x29084478, 0x29084600, 0x29470000)
 compacting perm gen  total 12288K, used 1525K [0x33470000, 0x34070000, 0x37470000)
   the space 12288K,  12% used [0x33470000, 0x335ed6e8, 0x335ed800, 0x34070000)
    ro space 10240K,  45% used [0x37470000, 0x378f9b28, 0x378f9c00, 0x37e70000)
    rw space 12288K,  54% used [0x37e70000, 0x384fd0e8, 0x384fd200, 0x38a70000)
GC Heap History (6 events):
Event: 0.430 GC heap before
{Heap before GC invocations=0 (full 0):
 def new generation   total 4928K, used 4172K [0x23470000, 0x239c0000, 0x289c0000)
  eden space 4416K,  94% used [0x23470000, 0x238832f0, 0x238c0000)
  from space 512K,   0% used [0x238c0000, 0x238c0000, 0x23940000)
  to   space 512K,   0% used [0x23940000, 0x23940000, 0x239c0000)
 tenured generation   total 10944K, used 0K [0x289c0000, 0x29470000, 0x33470000)
   the space 10944K,   0% used [0x289c0000, 0x289c0000, 0x289c0200, 0x29470000)
 compacting perm gen  total 12288K, used 1290K [0x33470000, 0x34070000, 0x37470000)
   the space 12288K,  10% used [0x33470000, 0x335b2a70, 0x335b2c00, 0x34070000)
    ro space 10240K,  45% used [0x37470000, 0x378f9b28, 0x378f9c00, 0x37e70000)
    rw space 12288K,  54% used [0x37e70000, 0x384fd0e8, 0x384fd200, 0x38a70000)
Event: 0.435 GC heap after
Heap after GC invocations=1 (full 0):
 def new generation   total 4928K, used 512K [0x23470000, 0x239c0000, 0x289c0000)
  eden space 4416K,   0% used [0x23470000, 0x23470000, 0x238c0000)
  from space 512K, 100% used [0x23940000, 0x239c0000, 0x239c0000)
  to   space 512K,   0% used [0x238c0000, 0x238c0000, 0x23940000)
 tenured generation   total 10944K, used 2203K [0x289c0000, 0x29470000, 0x33470000)
   the space 10944K,  20% used [0x289c0000, 0x28be6fc0, 0x28be7000, 0x29470000)
 compacting perm gen  total 12288K, used 1290K [0x33470000, 0x34070000, 0x37470000)
   the space 12288K,  10% used [0x33470000, 0x335b2a70, 0x335b2c00, 0x34070000)
    ro space 10240K,  45% used [0x37470000, 0x378f9b28, 0x378f9c00, 0x37e70000)
    rw space 12288K,  54% used [0x37e70000, 0x384fd0e8, 0x384fd200, 0x38a70000)
}
Event: 0.531 GC heap before
{Heap before GC invocations=1 (full 0):
 def new generation   total 4928K, used 4637K [0x23470000, 0x239c0000, 0x289c0000)
  eden space 4416K,  93% used [0x23470000, 0x238774b0, 0x238c0000)
  from space 512K, 100% used [0x23940000, 0x239c0000, 0x239c0000)
  to   space 512K,   0% used [0x238c0000, 0x238c0000, 0x23940000)
 tenured generation   total 10944K, used 2203K [0x289c0000, 0x29470000, 0x33470000)
   the space 10944K,  20% used [0x289c0000, 0x28be6fc0, 0x28be7000, 0x29470000)
 compacting perm gen  total 12288K, used 1333K [0x33470000, 0x34070000, 0x37470000)
   the space 12288K,  10% used [0x33470000, 0x335bd538, 0x335bd600, 0x34070000)
    ro space 10240K,  45% used [0x37470000, 0x378f9b28, 0x378f9c00, 0x37e70000)
    rw space 12288K,  54% used [0x37e70000, 0x384fd0e8, 0x384fd200, 0x38a70000)
Event: 0.535 GC heap after
Heap after GC invocations=2 (full 0):
 def new generation   total 4928K, used 319K [0x23470000, 0x239c0000, 0x289c0000)
  eden space 4416K,   0% used [0x23470000, 0x23470000, 0x238c0000)
  from space 512K,  62% used [0x238c0000, 0x2390ff20, 0x23940000)
  to   space 512K,   0% used [0x23940000, 0x23940000, 0x239c0000)
 tenured generation   total 10944K, used 4783K [0x289c0000, 0x29470000, 0x33470000)
   the space 10944K,  43% used [0x289c0000, 0x28e6bc38, 0x28e6be00, 0x29470000)
 compacting perm gen  total 12288K, used 1333K [0x33470000, 0x34070000, 0x37470000)
   the space 12288K,  10% used [0x33470000, 0x335bd538, 0x335bd600, 0x34070000)
    ro space 10240K,  45% used [0x37470000, 0x378f9b28, 0x378f9c00, 0x37e70000)
    rw space 12288K,  54% used [0x37e70000, 0x384fd0e8, 0x384fd200, 0x38a70000)
}
Event: 8.153 GC heap before
{Heap before GC invocations=2 (full 0):
 def new generation   total 4928K, used 4735K [0x23470000, 0x239c0000, 0x289c0000)
  eden space 4416K, 100% used [0x23470000, 0x238c0000, 0x238c0000)
  from space 512K,  62% used [0x238c0000, 0x2390ff20, 0x23940000)
  to   space 512K,   0% used [0x23940000, 0x23940000, 0x239c0000)
 tenured generation   total 10944K, used 4783K [0x289c0000, 0x29470000, 0x33470000)
   the space 10944K,  43% used [0x289c0000, 0x28e6bc38, 0x28e6be00, 0x29470000)
 compacting perm gen  total 12288K, used 1518K [0x33470000, 0x34070000, 0x37470000)
   the space 12288K,  12% used [0x33470000, 0x335eb8c0, 0x335eba00, 0x34070000)
    ro space 10240K,  45% used [0x37470000, 0x378f9b28, 0x378f9c00, 0x37e70000)
    rw space 12288K,  54% used [0x37e70000, 0x384fd0e8, 0x384fd200, 0x38a70000)
Event: 8.156 GC heap after
Heap after GC invocations=3 (full 0):
 def new generation   total 4928K, used 512K [0x23470000, 0x239c0000, 0x289c0000)
  eden space 4416K,   0% used [0x23470000, 0x23470000, 0x238c0000)
  from space 512K, 100% used [0x23940000, 0x239c0000, 0x239c0000)
  to   space 512K,   0% used [0x238c0000, 0x238c0000, 0x23940000)
 tenured generation   total 10944K, used 6929K [0x289c0000, 0x29470000, 0x33470000)
   the space 10944K,  63% used [0x289c0000, 0x29084478, 0x29084600, 0x29470000)
 compacting perm gen  total 12288K, used 1518K [0x33470000, 0x34070000, 0x37470000)
   the space 12288K,  12% used [0x33470000, 0x335eb8c0, 0x335eba00, 0x34070000)
    ro space 10240K,  45% used [0x37470000, 0x378f9b28, 0x378f9c00, 0x37e70000)
    rw space 12288K,  54% used [0x37e70000, 0x384fd0e8, 0x384fd200, 0x38a70000)
}

